DEBUG Forwarding clickElement on session 69e1481931198897d04c72d17de605bd to remote org.apache.http.impl.conn.PoolingHttpClientConnectionManager - Connection [id: 1][route: {}->http://localhost:24329] can be kept alive indefinitely
DEBUG Forwarding clickElement on session 69e1481931198897d04c72d17de605bd to remote org.apache.http.impl.conn.PoolingHttpClientConnectionManager - Connection released: [id: 1][route: {}->http://localhost:24329][total kept alive: 1; route allocated: 1 of 2000; total allocated: 1 of 2000]
INFO main Learnjen - click on submit
DEBUG Forwarding close on session 69e1481931198897d04c72d17de605bd to remote org.apache.http.client.protocol.RequestAddCookies - CookieSpec selected: default
DEBUG Forwarding close on session 69e1481931198897d04c72d17de605bd to remote org.apache.http.client.protocol.RequestAuthCache - Auth cache not set in the context
DEBUG Forwarding close on session 69e1481931198897d04c72d17de605bd to remote org.apache.http.impl.conn.PoolingHttpClientConnectionManager - Connection request: [route: {}->http://localhost:24329][total kept alive: 1; route allocated: 1 of 2000; total allocated: 1 of 2000]
DEBUG Forwarding close on session 69e1481931198897d04c72d17de605bd to remote org.apache.http.impl.conn.PoolingHttpClientConnectionManager - Connection leased: [id: 1][route: {}->http://localhost:24329][total kept alive: 0; route allocated: 1 of 2000; total allocated: 1 of 2000]
DEBUG Forwarding close on session 69e1481931198897d04c72d17de605bd to remote org.apache.http.impl.execchain.MainClientExec - Stale connection check
DEBUG Forwarding close on session 69e1481931198897d04c72d17de605bd to remote org.apache.http.wire - http-outgoing-1 << "[read] I/O error: Read timed out"
DEBUG Forwarding close on session 69e1481931198897d04c72d17de605bd to remote org.apache.http.impl.conn.DefaultManagedHttpClientConnection - http-outgoing-1: set socket timeout to 10800000
DEBUG Forwarding close on session 69e1481931198897d04c72d17de605bd to remote org.apache.http.impl.execchain.MainClientExec - Executing request DELETE /session/69e1481931198897d04c72d17de605bd/window HTTP/1.1
DEBUG Forwarding close on session 69e1481931198897d04c72d17de605bd to remote org.apache.http.impl.execchain.MainClientExec - Target auth state: UNCHALLENGED
DEBUG Forwarding close on session 69e1481931198897d04c72d17de605bd to remote org.apache.http.impl.execchain.MainClientExec - Proxy auth state: UNCHALLENGED
DEBUG Forwarding close on session 69e1481931198897d04c72d17de605bd to remote org.apache.http.headers - http-outgoing-1 >> DELETE /session/69e1481931198897d04c72d17de605bd/window HTTP/1.1
DEBUG Forwarding close on session 69e1481931198897d04c72d17de605bd to remote org.apache.http.headers - http-outgoing-1 >> Host: localhost:24329
DEBUG Forwarding close on session 69e1481931198897d04c72d17de605bd to remote org.apache.http.headers - http-outgoing-1 >> Connection: Keep-Alive
DEBUG Forwarding close on session 69e1481931198897d04c72d17de605bd to remote org.apache.http.headers - http-outgoing-1 >> User-Agent: Apache-HttpClient/4.5.3 (Java/1.8.0_181)
DEBUG Forwarding close on session 69e1481931198897d04c72d17de605bd to remote org.apache.http.headers - http-outgoing-1 >> Accept-Encoding: gzip,deflate
DEBUG Forwarding close on session 69e1481931198897d04c72d17de605bd to remote org.apache.http.wire - http-outgoing-1 >> "DELETE /session/69e1481931198897d04c72d17de605bd/window HTTP/1.1[\r][\n]"
DEBUG Forwarding close on session 69e1481931198897d04c72d17de605bd to remote org.apache.http.wire - http-outgoing-1 >> "Host: localhost:24329[\r][\n]"
DEBUG Forwarding close on session 69e1481931198897d04c72d17de605bd to remote org.apache.http.wire - http-outgoing-1 >> "Connection: Keep-Alive[\r][\n]"
DEBUG Forwarding close on session 69e1481931198897d04c72d17de605bd to remote org.apache.http.wire - http-outgoing-1 >> "User-Agent: Apache-HttpClient/4.5.3 (Java/1.8.0_181)[\r][\n]"
DEBUG Forwarding close on session 69e1481931198897d04c72d17de605bd to remote org.apache.http.wire - http-outgoing-1 >> "Accept-Encoding: gzip,deflate[\r][\n]"
DEBUG Forwarding close on session 69e1481931198897d04c72d17de605bd to remote org.apache.http.wire - http-outgoing-1 >> "[\r][\n]"
DEBUG Forwarding close on session 69e1481931198897d04c72d17de605bd to remote org.apache.http.wire - http-outgoing-1 << "HTTP/1.1 200 OK[\r][\n]"
DEBUG Forwarding close on session 69e1481931198897d04c72d17de605bd to remote org.apache.http.wire - http-outgoing-1 << "Content-Length:70[\r][\n]"
DEBUG Forwarding close on session 69e1481931198897d04c72d17de605bd to remote org.apache.http.wire - http-outgoing-1 << "Content-Type:application/json; charset=utf-8[\r][\n]"
DEBUG Forwarding close on session 69e1481931198897d04c72d17de605bd to remote org.apache.http.wire - http-outgoing-1 << "[\r][\n]"
DEBUG Forwarding close on session 69e1481931198897d04c72d17de605bd to remote org.apache.http.wire - http-outgoing-1 << "{"sessionId":"69e1481931198897d04c72d17de605bd","status":0,"value":[]}"
DEBUG Forwarding close on session 69e1481931198897d04c72d17de605bd to remote org.apache.http.headers - http-outgoing-1 << HTTP/1.1 200 OK
DEBUG Forwarding close on session 69e1481931198897d04c72d17de605bd to remote org.apache.http.headers - http-outgoing-1 << Content-Length:70
DEBUG Forwarding close on session 69e1481931198897d04c72d17de605bd to remote org.apache.http.headers - http-outgoing-1 << Content-Type:application/json; charset=utf-8
DEBUG Forwarding close on session 69e1481931198897d04c72d17de605bd to remote org.apache.http.impl.execchain.MainClientExec - Connection can be kept alive indefinitely
DEBUG Forwarding close on session 69e1481931198897d04c72d17de605bd to remote org.apache.http.impl.conn.PoolingHttpClientConnectionManager - Connection [id: 1][route: {}->http://localhost:24329] can be kept alive indefinitely
DEBUG Forwarding close on session 69e1481931198897d04c72d17de605bd to remote org.apache.http.impl.conn.PoolingHttpClientConnectionManager - Connection released: [id: 1][route: {}->http://localhost:24329][total kept alive: 1; route allocated: 1 of 2000; total allocated: 1 of 2000]
